{
  "RSpec": {
    "coverage": {
      "/Users/wangyanghe/Desktop/BMES-Participation-Tracker-master-2/app/controllers/application_controller.rb": {
        "lines": [
          1,
          null
        ]
      },
      "/Users/wangyanghe/Desktop/BMES-Participation-Tracker-master-2/app/helpers/application_helper.rb": {
        "lines": [
          1,
          null
        ]
      },
      "/Users/wangyanghe/Desktop/BMES-Participation-Tracker-master-2/app/helpers/events_helper.rb": {
        "lines": [
          1,
          null
        ]
      },
      "/Users/wangyanghe/Desktop/BMES-Participation-Tracker-master-2/app/helpers/participations_helper.rb": {
        "lines": [
          1,
          null
        ]
      },
      "/Users/wangyanghe/Desktop/BMES-Participation-Tracker-master-2/app/models/admin_user.rb": {
        "lines": [
          1,
          null,
          null,
          1,
          null,
          null
        ]
      },
      "/Users/wangyanghe/Desktop/BMES-Participation-Tracker-master-2/app/models/application_record.rb": {
        "lines": [
          1,
          1,
          null
        ]
      },
      "/Users/wangyanghe/Desktop/BMES-Participation-Tracker-master-2/app/admin/admin_users.rb": {
        "lines": [
          1,
          1,
          null,
          1,
          3,
          3,
          3,
          3,
          3,
          3,
          3,
          null,
          null,
          1,
          1,
          1,
          1,
          null,
          1,
          1,
          1,
          1,
          1,
          null,
          1,
          null,
          null,
          null
        ]
      },
      "/Users/wangyanghe/Desktop/BMES-Participation-Tracker-master-2/app/admin/dashboard.rb": {
        "lines": [
          1,
          38,
          null,
          15,
          7,
          null,
          null,
          null,
          null,
          null,
          null,
          null,
          null,
          7,
          null,
          null,
          null,
          null,
          null,
          null,
          null,
          null,
          null,
          null,
          7,
          7,
          7,
          7,
          null,
          null,
          null,
          null,
          null
        ]
      },
      "/Users/wangyanghe/Desktop/BMES-Participation-Tracker-master-2/app/admin/events.rb": {
        "lines": [
          1,
          null,
          null,
          null,
          null,
          null,
          null,
          1,
          null,
          null,
          null,
          null,
          null,
          null,
          null,
          null,
          null,
          null
        ]
      },
      "/Users/wangyanghe/Desktop/BMES-Participation-Tracker-master-2/app/models/event.rb": {
        "lines": [
          1,
          24,
          null
        ]
      },
      "/Users/wangyanghe/Desktop/BMES-Participation-Tracker-master-2/app/admin/participations.rb": {
        "lines": [
          1,
          null,
          null,
          null,
          null,
          null,
          null,
          1,
          null,
          null,
          null,
          null,
          null,
          null,
          null,
          null,
          null,
          null
        ]
      },
      "/Users/wangyanghe/Desktop/BMES-Participation-Tracker-master-2/app/models/participation.rb": {
        "lines": [
          1,
          null
        ]
      },
      "/Users/wangyanghe/Desktop/BMES-Participation-Tracker-master-2/app/controllers/events_controller.rb": {
        "lines": [
          1,
          null,
          null,
          null,
          1,
          null,
          null,
          null,
          null,
          null,
          null,
          null,
          null,
          null,
          null,
          null,
          1,
          23,
          null,
          null,
          null,
          null,
          null,
          null,
          1,
          3,
          null,
          3,
          null,
          null,
          null,
          null,
          null,
          null,
          null,
          null,
          null,
          null,
          null,
          null,
          null,
          null,
          null,
          null,
          null,
          null,
          null,
          null,
          null,
          null,
          null,
          null,
          null,
          null,
          null,
          null,
          null,
          null,
          null,
          null,
          null,
          null,
          null,
          null,
          null,
          null,
          null,
          null,
          null,
          null,
          null,
          null,
          null,
          null
        ]
      },
      "/Users/wangyanghe/Desktop/BMES-Participation-Tracker-master-2/app/controllers/participations_controller.rb": {
        "lines": [
          1,
          null,
          null,
          null,
          1,
          19,
          null,
          null,
          1,
          6,
          null,
          null,
          null,
          null,
          null,
          null,
          null,
          6,
          6,
          6,
          1,
          null,
          5,
          2,
          2,
          2,
          null,
          3,
          null,
          null,
          null,
          null,
          1,
          2,
          null,
          null
        ]
      },
      "/Users/wangyanghe/Desktop/BMES-Participation-Tracker-master-2/app/mailers/application_mailer.rb": {
        "lines": [
          null,
          null,
          null,
          null
        ],
        "branches": {
        }
      },
      "/Users/wangyanghe/Desktop/BMES-Participation-Tracker-master-2/app/jobs/application_job.rb": {
        "lines": [
          null,
          null,
          null,
          null,
          null,
          null,
          null
        ],
        "branches": {
        }
      },
      "/Users/wangyanghe/Desktop/BMES-Participation-Tracker-master-2/app/channels/application_cable/connection.rb": {
        "lines": [
          null,
          null,
          null,
          null
        ],
        "branches": {
        }
      },
      "/Users/wangyanghe/Desktop/BMES-Participation-Tracker-master-2/app/channels/application_cable/channel.rb": {
        "lines": [
          null,
          null,
          null,
          null
        ],
        "branches": {
        }
      }
    },
    "timestamp": 1602281010
  }
}
