{
  "RSpec": {
    "coverage": {
      "/Users/wangyanghe/Desktop/BMES-Participation-Tracker/app/controllers/application_controller.rb": {
        "lines": [
          1,
          null
        ]
      },
      "/Users/wangyanghe/Desktop/BMES-Participation-Tracker/app/helpers/application_helper.rb": {
        "lines": [
          1,
          null
        ]
      },
      "/Users/wangyanghe/Desktop/BMES-Participation-Tracker/app/helpers/events_helper.rb": {
        "lines": [
          1,
          null
        ]
      },
      "/Users/wangyanghe/Desktop/BMES-Participation-Tracker/app/helpers/participations_helper.rb": {
        "lines": [
          1,
          null
        ]
      },
      "/Users/wangyanghe/Desktop/BMES-Participation-Tracker/app/models/admin_user.rb": {
        "lines": [
          1,
          null,
          null,
          1,
          null,
          null
        ]
      },
      "/Users/wangyanghe/Desktop/BMES-Participation-Tracker/app/models/application_record.rb": {
        "lines": [
          1,
          1,
          null
        ]
      },
      "/Users/wangyanghe/Desktop/BMES-Participation-Tracker/app/admin/admin_users.rb": {
        "lines": [
          1,
          1,
          null,
          1,
          0,
          0,
          0,
          0,
          0,
          0,
          0,
          null,
          null,
          1,
          1,
          1,
          1,
          null,
          1,
          0,
          0,
          0,
          0,
          null,
          0,
          null,
          null,
          null
        ]
      },
      "/Users/wangyanghe/Desktop/BMES-Participation-Tracker/app/admin/dashboard.rb": {
        "lines": [
          1,
          28,
          null,
          13,
          6,
          6,
          6,
          6,
          null,
          null,
          null,
          null,
          null,
          null,
          null,
          null,
          null,
          null,
          null,
          null,
          null,
          null,
          null,
          null,
          null,
          null,
          null,
          null,
          null,
          null,
          null,
          null
        ]
      },
      "/Users/wangyanghe/Desktop/BMES-Participation-Tracker/app/admin/events.rb": {
        "lines": [
          1,
          null,
          null,
          null,
          null,
          null,
          null,
          1,
          null,
          null,
          null,
          null,
          null,
          null,
          null,
          null,
          null,
          null
        ]
      },
      "/Users/wangyanghe/Desktop/BMES-Participation-Tracker/app/models/event.rb": {
        "lines": [
          1,
          15,
          null
        ]
      },
      "/Users/wangyanghe/Desktop/BMES-Participation-Tracker/app/admin/participations.rb": {
        "lines": [
          1,
          null,
          null,
          null,
          null,
          null,
          null,
          1,
          null,
          null,
          null,
          null,
          null,
          null,
          null,
          null,
          null,
          null
        ]
      },
      "/Users/wangyanghe/Desktop/BMES-Participation-Tracker/app/models/participation.rb": {
        "lines": [
          1,
          null
        ]
      },
      "/Users/wangyanghe/Desktop/BMES-Participation-Tracker/app/controllers/events_controller.rb": {
        "lines": [
          1,
          null,
          1,
          null,
          null,
          null,
          1,
          0,
          null,
          null,
          1,
          0,
          null,
          null,
          1,
          14,
          null,
          null,
          1,
          0,
          null,
          null,
          1,
          3,
          null,
          3,
          null,
          null,
          null,
          1,
          0,
          null,
          null,
          1,
          0,
          null,
          null,
          0,
          0,
          0,
          null,
          null,
          1,
          0,
          0,
          0,
          0,
          null,
          null,
          0,
          null,
          null,
          null,
          1,
          0,
          null,
          0,
          null,
          null,
          0,
          0,
          null,
          0,
          null,
          null,
          null,
          1,
          null,
          1,
          0,
          null,
          null
        ]
      },
      "/Users/wangyanghe/Desktop/BMES-Participation-Tracker/app/controllers/participations_controller.rb": {
        "lines": [
          1,
          null,
          null,
          null,
          1,
          12,
          null,
          null,
          1,
          3,
          3,
          3,
          3,
          0,
          null,
          3,
          2,
          2,
          2,
          null,
          1,
          null,
          null,
          null,
          null,
          1,
          2,
          null,
          null
        ]
      },
      "/Users/wangyanghe/Desktop/BMES-Participation-Tracker/app/mailers/application_mailer.rb": {
        "lines": [
          0,
          0,
          0,
          0
        ],
        "branches": {
        }
      },
      "/Users/wangyanghe/Desktop/BMES-Participation-Tracker/app/jobs/application_job.rb": {
        "lines": [
          0,
          null,
          null,
          null,
          null,
          null,
          0
        ],
        "branches": {
        }
      },
      "/Users/wangyanghe/Desktop/BMES-Participation-Tracker/app/channels/application_cable/connection.rb": {
        "lines": [
          0,
          0,
          0,
          0
        ],
        "branches": {
        }
      },
      "/Users/wangyanghe/Desktop/BMES-Participation-Tracker/app/channels/application_cable/channel.rb": {
        "lines": [
          0,
          0,
          0,
          0
        ],
        "branches": {
        }
      }
    },
    "timestamp": 1602204216
  }
}
